<?xml version="1.0" encoding="UTF-8"?>
<testng-results skipped="0" failed="0" ignored="0" total="3" passed="3">
  <reporter-output>
  </reporter-output>
  <suite name="TestSuite" duration-ms="29125" started-at="2020-04-26T12:06:55Z" finished-at="2020-04-26T12:07:24Z">
    <groups>
    </groups>
    <test name="testGuru" duration-ms="29125" started-at="2020-04-26T12:06:55Z" finished-at="2020-04-26T12:07:24Z">
      <class name="com.testng.Parallel_Execution">
        <test-method status="PASS" signature="executSessionThree()[pri:0, instance:com.testng.Parallel_Execution@62ee68d8]" name="executSessionThree" duration-ms="21359" started-at="2020-04-26T12:06:55Z" finished-at="2020-04-26T12:07:16Z">
          <reporter-output>
          </reporter-output>
        </test-method> <!-- executSessionThree -->
        <test-method status="PASS" signature="executSessionOne()[pri:0, instance:com.testng.Parallel_Execution@62ee68d8]" name="executSessionOne" duration-ms="21712" started-at="2020-04-26T12:06:55Z" finished-at="2020-04-26T12:07:16Z">
          <reporter-output>
          </reporter-output>
        </test-method> <!-- executSessionOne -->
        <test-method status="PASS" signature="executeSessionTwo()[pri:0, instance:com.testng.Parallel_Execution@62ee68d8]" name="executeSessionTwo" duration-ms="29061" started-at="2020-04-26T12:06:55Z" finished-at="2020-04-26T12:07:24Z">
          <reporter-output>
          </reporter-output>
        </test-method> <!-- executeSessionTwo -->
      </class> <!-- com.testng.Parallel_Execution -->
    </test> <!-- testGuru -->
  </suite> <!-- TestSuite -->
</testng-results>
